2025-04-06 11:40:15.827 [info] [main] Log level: Info
2025-04-06 11:40:15.828 [info] [main] Validating found git in: "git"
2025-04-06 11:40:15.828 [info] [main] Using git "2.43.0" from "git"
2025-04-06 11:40:15.828 [info] [Model][doInitialScan] Initial repository scan started
2025-04-06 11:40:15.828 [info] > git rev-parse --show-toplevel [3ms]
2025-04-06 11:40:15.828 [info] > git rev-parse --git-dir --git-common-dir [2ms]
2025-04-06 11:40:15.828 [info] [Model][openRepository] Opened repository: /workspace/project
2025-04-06 11:40:15.828 [info] > git config --get commit.template [5ms]
2025-04-06 11:40:15.828 [info] > git rev-parse --show-toplevel [1ms]
2025-04-06 11:40:15.828 [info] > git for-each-ref --format=%(refname)%00%(upstream:short)%00%(objectname)%00%(upstream:track)%00%(upstream:remotename)%00%(upstream:remoteref) refs/heads/main refs/remotes/main [6ms]
2025-04-06 11:40:15.828 [warning] [Git][revParse] Unable to read file: ENOENT: no such file or directory, open '/workspace/project/.git/refs/remotes/origin/main'
2025-04-06 11:40:15.828 [info] > git rev-parse --git-dir --git-common-dir [5ms]
2025-04-06 11:40:15.828 [info] [Model][openRepository] Opened repository: /workspace/project/number_guessing_game
2025-04-06 11:40:15.828 [info] > git rev-parse refs/remotes/origin/main [19ms]
2025-04-06 11:40:15.828 [info] > git status -z -uall [7ms]
2025-04-06 11:40:15.828 [info] > git rev-parse --show-toplevel [17ms]
2025-04-06 11:40:15.828 [info] > git config --get commit.template [21ms]
2025-04-06 11:40:15.828 [info] > git for-each-ref --sort -committerdate --format %(refname) %(objectname) %(*objectname) [7ms]
2025-04-06 11:40:15.828 [info] [Git][getRemotes] No remotes found in the git config file
2025-04-06 11:40:15.828 [info] > git rev-parse --show-toplevel [23ms]
2025-04-06 11:40:15.828 [info] [Model][doInitialScan] Initial repository scan completed - repositories (2), closed repositories (0), parent repositories (0), unsafe repositories (0)
2025-04-06 11:40:15.828 [info] > git for-each-ref --format=%(refname)%00%(upstream:short)%00%(objectname)%00%(upstream:track)%00%(upstream:remotename)%00%(upstream:remoteref) refs/heads/main refs/remotes/main [6ms]
2025-04-06 11:40:15.828 [info] > git for-each-ref --format=%(refname)%00%(upstream:short)%00%(objectname)%00%(upstream:track)%00%(upstream:remotename)%00%(upstream:remoteref) refs/heads/main refs/remotes/main [21ms]
2025-04-06 11:40:15.828 [info] > git status -z -uall [15ms]
2025-04-06 11:40:15.828 [info] > git config --get --local branch.main.vscode-merge-base [5ms]
2025-04-06 11:40:15.828 [info] > git for-each-ref --sort -committerdate --format %(refname) %(objectname) %(*objectname) [14ms]
2025-04-06 11:40:15.828 [info] > git config --get commit.template [34ms]
2025-04-06 11:40:15.828 [info] > git for-each-ref --format=%(refname)%00%(upstream:short)%00%(objectname)%00%(upstream:track)%00%(upstream:remotename)%00%(upstream:remoteref) refs/heads/main refs/remotes/main [12ms]
2025-04-06 11:40:15.828 [info] > git for-each-ref --format=%(refname)%00%(upstream:short)%00%(objectname)%00%(upstream:track)%00%(upstream:remotename)%00%(upstream:remoteref) refs/heads/origin/main refs/remotes/origin/main [23ms]
2025-04-06 11:40:15.828 [info] > git config --get --local branch.main.vscode-merge-base [12ms]
2025-04-06 11:40:15.828 [warning] [Git][config] git config failed: Failed to execute git
2025-04-06 11:40:15.828 [info] > git config --get commit.template [20ms]
2025-04-06 11:40:15.828 [info] > git for-each-ref --format=%(refname)%00%(upstream:short)%00%(objectname)%00%(upstream:track)%00%(upstream:remotename)%00%(upstream:remoteref) refs/heads/main refs/remotes/main [24ms]
2025-04-06 11:40:15.828 [warning] [Git][revParse] Unable to read file: ENOENT: no such file or directory, open '/workspace/project/.git/refs/remotes/origin/main'
2025-04-06 11:40:15.828 [info] > git merge-base refs/heads/main refs/remotes/origin/main [11ms]
2025-04-06 11:40:15.828 [info] [Git][getRemotes] No remotes found in the git config file
2025-04-06 11:40:15.828 [info] > git rev-parse refs/remotes/origin/main [9ms]
2025-04-06 11:40:15.828 [info] > git reflog main --grep-reflog=branch: Created from *. [20ms]
2025-04-06 11:40:15.828 [info] > git status -z -uall [5ms]
2025-04-06 11:40:15.828 [info] > git for-each-ref --format=%(refname)%00%(upstream:short)%00%(objectname)%00%(upstream:track)%00%(upstream:remotename)%00%(upstream:remoteref) refs/heads/main refs/remotes/main [10ms]
2025-04-06 11:40:15.828 [info] > git diff --name-status -z --diff-filter=ADMR 5c333867a354f09c3c077e84a99d4eab301944b6...refs/remotes/origin/main [21ms]
2025-04-06 11:40:15.828 [info] > git status -z -uall [5ms]
2025-04-06 11:40:15.828 [info] > git for-each-ref --sort -committerdate --format %(refname) %(objectname) %(*objectname) [10ms]
2025-04-06 11:40:15.828 [info] > git for-each-ref --sort -committerdate --format %(refname) %(objectname) %(*objectname) [6ms]
2025-04-06 11:40:16.459 [info] > git check-ignore -v -z --stdin [3ms]
2025-04-06 11:40:16.469 [info] > git show --textconv :README.md [4ms]
2025-04-06 11:40:16.471 [info] > git ls-files --stage -- README.md [2ms]
2025-04-06 11:40:16.477 [info] > git cat-file -s f05f30d82db9cea686c171e85f7ec6cb84052388 [2ms]
2025-04-06 11:40:18.347 [info] > git config --get --local branch.main.github-pr-owner-number [2ms]
2025-04-06 11:40:18.347 [warning] [Git][config] git config failed: Failed to execute git
2025-04-06 11:40:18.353 [info] > git config --get --local branch.main.remote [2ms]
2025-04-06 11:40:18.353 [warning] [Git][config] git config failed: Failed to execute git
2025-04-06 11:40:18.358 [info] > git config --get --local branch.main.merge [1ms]
2025-04-06 11:40:18.358 [warning] [Git][config] git config failed: Failed to execute git
2025-04-06 11:40:18.530 [info] > git config --get --local branch.main.github-pr-owner-number [3ms]
2025-04-06 11:40:18.530 [warning] [Git][config] git config failed: Failed to execute git
2025-04-06 11:40:22.692 [info] [Git][getRemotes] No remotes found in the git config file
2025-04-06 11:40:22.693 [info] > git config --get commit.template [5ms]
2025-04-06 11:40:22.694 [info] > git for-each-ref --format=%(refname)%00%(upstream:short)%00%(objectname)%00%(upstream:track)%00%(upstream:remotename)%00%(upstream:remoteref) refs/heads/main refs/remotes/main [2ms]
2025-04-06 11:40:22.703 [info] > git status -z -uall [4ms]
2025-04-06 11:40:22.705 [info] > git for-each-ref --sort -committerdate --format %(refname) %(objectname) %(*objectname) [2ms]
2025-04-06 11:40:38.018 [info] > git config --get commit.template [6ms]
2025-04-06 11:40:38.021 [info] > git for-each-ref --format=%(refname)%00%(upstream:short)%00%(objectname)%00%(upstream:track)%00%(upstream:remotename)%00%(upstream:remoteref) refs/heads/main refs/remotes/main [3ms]
2025-04-06 11:40:38.026 [warning] [Git][revParse] Unable to read file: ENOENT: no such file or directory, open '/workspace/project/.git/refs/remotes/origin/main'
2025-04-06 11:40:38.028 [info] > git rev-parse refs/remotes/origin/main [2ms]
2025-04-06 11:40:38.040 [info] > git status -z -uall [7ms]
2025-04-06 11:40:38.044 [info] > git for-each-ref --sort -committerdate --format %(refname) %(objectname) %(*objectname) [5ms]
2025-04-06 11:40:57.991 [info] > git config --get commit.template [5ms]
2025-04-06 11:40:57.992 [info] > git for-each-ref --format=%(refname)%00%(upstream:short)%00%(objectname)%00%(upstream:track)%00%(upstream:remotename)%00%(upstream:remoteref) refs/heads/main refs/remotes/main [3ms]
2025-04-06 11:40:57.996 [warning] [Git][revParse] Unable to read file: ENOENT: no such file or directory, open '/workspace/project/.git/refs/remotes/origin/main'
2025-04-06 11:40:57.998 [info] > git rev-parse refs/remotes/origin/main [2ms]
2025-04-06 11:40:58.007 [info] > git status -z -uall [5ms]
2025-04-06 11:40:58.010 [info] > git for-each-ref --sort -committerdate --format %(refname) %(objectname) %(*objectname) [2ms]
2025-04-06 11:41:30.338 [info] > git show --textconv :README.md [5ms]
2025-04-06 11:41:30.339 [info] > git ls-files --stage -- README.md [1ms]
2025-04-06 11:41:30.345 [info] > git cat-file -s f05f30d82db9cea686c171e85f7ec6cb84052388 [2ms]
2025-04-06 11:41:52.078 [info] > git config --get commit.template [5ms]
2025-04-06 11:41:52.080 [info] > git for-each-ref --format=%(refname)%00%(upstream:short)%00%(objectname)%00%(upstream:track)%00%(upstream:remotename)%00%(upstream:remoteref) refs/heads/main refs/remotes/main [2ms]
2025-04-06 11:41:52.084 [warning] [Git][revParse] Unable to read file: ENOENT: no such file or directory, open '/workspace/project/.git/refs/remotes/origin/main'
2025-04-06 11:41:52.085 [info] > git rev-parse refs/remotes/origin/main [2ms]
2025-04-06 11:41:52.095 [info] > git status -z -uall [6ms]
2025-04-06 11:41:52.096 [info] > git for-each-ref --sort -committerdate --format %(refname) %(objectname) %(*objectname) [2ms]
2025-04-06 11:42:13.457 [info] > git config --get commit.template [5ms]
2025-04-06 11:42:13.459 [info] > git for-each-ref --format=%(refname)%00%(upstream:short)%00%(objectname)%00%(upstream:track)%00%(upstream:remotename)%00%(upstream:remoteref) refs/heads/main refs/remotes/main [2ms]
2025-04-06 11:42:13.463 [warning] [Git][revParse] Unable to read file: ENOENT: no such file or directory, open '/workspace/project/.git/refs/remotes/origin/main'
2025-04-06 11:42:13.465 [info] > git rev-parse refs/remotes/origin/main [2ms]
2025-04-06 11:42:13.474 [info] > git status -z -uall [5ms]
2025-04-06 11:42:13.476 [info] > git for-each-ref --sort -committerdate --format %(refname) %(objectname) %(*objectname) [3ms]
2025-04-06 11:42:18.752 [info] > git config --get commit.template [6ms]
2025-04-06 11:42:18.753 [info] > git config --get commit.template [2ms]
2025-04-06 11:42:18.762 [info] [Git][getRemotes] No remotes found in the git config file
2025-04-06 11:42:18.762 [info] > git for-each-ref --format=%(refname)%00%(upstream:short)%00%(objectname)%00%(upstream:track)%00%(upstream:remotename)%00%(upstream:remoteref) refs/heads/main refs/remotes/main [5ms]
2025-04-06 11:42:18.766 [warning] [Git][revParse] Unable to read file: ENOENT: no such file or directory, open '/workspace/project/.git/refs/remotes/origin/main'
2025-04-06 11:42:18.767 [info] > git for-each-ref --format=%(refname)%00%(upstream:short)%00%(objectname)%00%(upstream:track)%00%(upstream:remotename)%00%(upstream:remoteref) refs/heads/main refs/remotes/main [5ms]
2025-04-06 11:42:18.776 [info] > git status -z -uall [5ms]
2025-04-06 11:42:18.776 [info] > git rev-parse refs/remotes/origin/main [10ms]
2025-04-06 11:42:18.786 [info] > git status -z -uall [6ms]
2025-04-06 11:42:18.786 [info] > git for-each-ref --sort -committerdate --format %(refname) %(objectname) %(*objectname) [11ms]
2025-04-06 11:42:18.788 [info] > git for-each-ref --sort -committerdate --format %(refname) %(objectname) %(*objectname) [4ms]
2025-04-06 11:42:23.804 [info] > git config --get commit.template [5ms]
2025-04-06 11:42:23.806 [info] > git for-each-ref --format=%(refname)%00%(upstream:short)%00%(objectname)%00%(upstream:track)%00%(upstream:remotename)%00%(upstream:remoteref) refs/heads/main refs/remotes/main [3ms]
2025-04-06 11:42:23.810 [warning] [Git][revParse] Unable to read file: ENOENT: no such file or directory, open '/workspace/project/.git/refs/remotes/origin/main'
2025-04-06 11:42:23.812 [info] > git rev-parse refs/remotes/origin/main [2ms]
2025-04-06 11:42:23.821 [info] > git status -z -uall [5ms]
2025-04-06 11:42:23.824 [info] > git for-each-ref --sort -committerdate --format %(refname) %(objectname) %(*objectname) [3ms]
2025-04-06 11:42:24.618 [info] [Git][getRemotes] No remotes found in the git config file
2025-04-06 11:42:24.618 [info] > git config --get commit.template [5ms]
2025-04-06 11:42:24.619 [info] > git for-each-ref --format=%(refname)%00%(upstream:short)%00%(objectname)%00%(upstream:track)%00%(upstream:remotename)%00%(upstream:remoteref) refs/heads/main refs/remotes/main [1ms]
2025-04-06 11:42:24.628 [info] > git status -z -uall [4ms]
2025-04-06 11:42:24.630 [info] > git for-each-ref --sort -committerdate --format %(refname) %(objectname) %(*objectname) [2ms]
2025-04-06 11:42:25.314 [info] > git show --textconv HEAD:README.md [5ms]
2025-04-06 11:42:25.316 [info] > git ls-tree -l HEAD -- README.md [2ms]
2025-04-06 11:42:25.682 [info] [Git][getRemotes] No remotes found in the git config file
2025-04-06 11:42:25.682 [info] > git config --get commit.template [4ms]
2025-04-06 11:42:25.684 [info] > git for-each-ref --format=%(refname)%00%(upstream:short)%00%(objectname)%00%(upstream:track)%00%(upstream:remotename)%00%(upstream:remoteref) refs/heads/main refs/remotes/main [2ms]
2025-04-06 11:42:25.692 [info] > git status -z -uall [4ms]
2025-04-06 11:42:25.694 [info] > git for-each-ref --sort -committerdate --format %(refname) %(objectname) %(*objectname) [1ms]
2025-04-06 11:42:25.946 [info] > git ls-files --stage -- README.md [5ms]
2025-04-06 11:42:25.951 [info] > git ls-tree -l HEAD -- README.md [6ms]
2025-04-06 11:42:25.952 [info] > git hash-object -t tree /dev/null [2ms]
2025-04-06 11:42:25.952 [warning] [GitFileSystemProvider][stat] File not found - git:/workspace/project/number_guessing_game/README.md.git?%7B%22path%22%3A%22%2Fworkspace%2Fproject%2Fnumber_guessing_game%2FREADME.md%22%2C%22ref%22%3A%22%22%7D
2025-04-06 11:42:26.166 [info] > git show --textconv HEAD:README.md [3ms]
2025-04-06 11:42:28.838 [info] > git config --get commit.template [4ms]
2025-04-06 11:42:28.839 [info] > git for-each-ref --format=%(refname)%00%(upstream:short)%00%(objectname)%00%(upstream:track)%00%(upstream:remotename)%00%(upstream:remoteref) refs/heads/main refs/remotes/main [2ms]
2025-04-06 11:42:28.843 [warning] [Git][revParse] Unable to read file: ENOENT: no such file or directory, open '/workspace/project/.git/refs/remotes/origin/main'
2025-04-06 11:42:28.845 [info] > git rev-parse refs/remotes/origin/main [2ms]
2025-04-06 11:42:28.854 [info] > git status -z -uall [5ms]
2025-04-06 11:42:28.856 [info] > git for-each-ref --sort -committerdate --format %(refname) %(objectname) %(*objectname) [2ms]
2025-04-06 11:42:39.891 [info] [Git][getRemotes] No remotes found in the git config file
2025-04-06 11:42:39.891 [info] > git config --get commit.template [5ms]
2025-04-06 11:42:39.893 [info] > git for-each-ref --format=%(refname)%00%(upstream:short)%00%(objectname)%00%(upstream:track)%00%(upstream:remotename)%00%(upstream:remoteref) refs/heads/main refs/remotes/main [2ms]
2025-04-06 11:42:39.902 [info] > git status -z -uall [4ms]
2025-04-06 11:42:39.903 [info] > git for-each-ref --sort -committerdate --format %(refname) %(objectname) %(*objectname) [2ms]
2025-04-06 11:42:39.912 [info] > git config --get --local branch.main.github-pr-owner-number [1ms]
2025-04-06 11:42:39.912 [warning] [Git][config] git config failed: Failed to execute git
2025-04-06 11:42:39.918 [info] > git config --get --local branch.main.remote [1ms]
2025-04-06 11:42:39.918 [warning] [Git][config] git config failed: Failed to execute git
2025-04-06 11:42:39.924 [info] > git config --get --local branch.main.merge [2ms]
2025-04-06 11:42:39.924 [warning] [Git][config] git config failed: Failed to execute git
2025-04-06 11:42:41.007 [info] > git config --get commit.template [4ms]
2025-04-06 11:42:41.015 [info] [Git][getRemotes] No remotes found in the git config file
2025-04-06 11:42:41.016 [info] > git for-each-ref --format=%(refname)%00%(upstream:short)%00%(objectname)%00%(upstream:track)%00%(upstream:remotename)%00%(upstream:remoteref) refs/heads/main refs/remotes/main [5ms]
2025-04-06 11:42:41.016 [info] > git config --get commit.template [10ms]
2025-04-06 11:42:41.020 [warning] [Git][revParse] Unable to read file: ENOENT: no such file or directory, open '/workspace/project/.git/refs/remotes/origin/main'
2025-04-06 11:42:41.021 [info] > git for-each-ref --format=%(refname)%00%(upstream:short)%00%(objectname)%00%(upstream:track)%00%(upstream:remotename)%00%(upstream:remoteref) refs/heads/main refs/remotes/main [6ms]
2025-04-06 11:42:41.031 [info] > git status -z -uall [6ms]
2025-04-06 11:42:41.031 [info] > git rev-parse refs/remotes/origin/main [11ms]
2025-04-06 11:42:41.039 [info] > git status -z -uall [4ms]
2025-04-06 11:42:41.040 [info] > git for-each-ref --sort -committerdate --format %(refname) %(objectname) %(*objectname) [10ms]
2025-04-06 11:42:41.042 [info] > git for-each-ref --sort -committerdate --format %(refname) %(objectname) %(*objectname) [3ms]
2025-04-06 11:43:36.111 [info] > git config --get commit.template [6ms]
2025-04-06 11:43:36.113 [info] > git for-each-ref --format=%(refname)%00%(upstream:short)%00%(objectname)%00%(upstream:track)%00%(upstream:remotename)%00%(upstream:remoteref) refs/heads/main refs/remotes/main [2ms]
2025-04-06 11:43:36.117 [warning] [Git][revParse] Unable to read file: ENOENT: no such file or directory, open '/workspace/project/.git/refs/remotes/origin/main'
2025-04-06 11:43:36.119 [info] > git rev-parse refs/remotes/origin/main [2ms]
2025-04-06 11:43:36.127 [info] > git status -z -uall [4ms]
2025-04-06 11:43:36.129 [info] > git for-each-ref --sort -committerdate --format %(refname) %(objectname) %(*objectname) [2ms]
2025-04-06 11:44:21.169 [info] > git config --get commit.template [4ms]
2025-04-06 11:44:21.171 [info] > git for-each-ref --format=%(refname)%00%(upstream:short)%00%(objectname)%00%(upstream:track)%00%(upstream:remotename)%00%(upstream:remoteref) refs/heads/main refs/remotes/main [3ms]
2025-04-06 11:44:21.175 [warning] [Git][revParse] Unable to read file: ENOENT: no such file or directory, open '/workspace/project/.git/refs/remotes/origin/main'
2025-04-06 11:44:21.177 [info] > git rev-parse refs/remotes/origin/main [2ms]
2025-04-06 11:44:21.187 [info] > git status -z -uall [6ms]
2025-04-06 11:44:21.189 [info] > git for-each-ref --sort -committerdate --format %(refname) %(objectname) %(*objectname) [3ms]
2025-04-06 11:44:26.205 [info] > git config --get commit.template [4ms]
2025-04-06 11:44:26.206 [info] > git for-each-ref --format=%(refname)%00%(upstream:short)%00%(objectname)%00%(upstream:track)%00%(upstream:remotename)%00%(upstream:remoteref) refs/heads/main refs/remotes/main [2ms]
2025-04-06 11:44:26.210 [warning] [Git][revParse] Unable to read file: ENOENT: no such file or directory, open '/workspace/project/.git/refs/remotes/origin/main'
2025-04-06 11:44:26.212 [info] > git rev-parse refs/remotes/origin/main [2ms]
2025-04-06 11:44:26.220 [info] > git status -z -uall [4ms]
2025-04-06 11:44:26.222 [info] > git for-each-ref --sort -committerdate --format %(refname) %(objectname) %(*objectname) [2ms]
2025-04-06 11:44:31.237 [info] > git config --get commit.template [5ms]
2025-04-06 11:44:31.239 [info] > git for-each-ref --format=%(refname)%00%(upstream:short)%00%(objectname)%00%(upstream:track)%00%(upstream:remotename)%00%(upstream:remoteref) refs/heads/main refs/remotes/main [2ms]
2025-04-06 11:44:31.243 [warning] [Git][revParse] Unable to read file: ENOENT: no such file or directory, open '/workspace/project/.git/refs/remotes/origin/main'
2025-04-06 11:44:31.245 [info] > git rev-parse refs/remotes/origin/main [2ms]
2025-04-06 11:44:31.254 [info] > git status -z -uall [5ms]
2025-04-06 11:44:31.256 [info] > git for-each-ref --sort -committerdate --format %(refname) %(objectname) %(*objectname) [3ms]
2025-04-06 11:44:36.272 [info] > git config --get commit.template [5ms]
2025-04-06 11:44:36.274 [info] > git for-each-ref --format=%(refname)%00%(upstream:short)%00%(objectname)%00%(upstream:track)%00%(upstream:remotename)%00%(upstream:remoteref) refs/heads/main refs/remotes/main [2ms]
2025-04-06 11:44:36.278 [warning] [Git][revParse] Unable to read file: ENOENT: no such file or directory, open '/workspace/project/.git/refs/remotes/origin/main'
2025-04-06 11:44:36.280 [info] > git rev-parse refs/remotes/origin/main [2ms]
2025-04-06 11:44:36.288 [info] > git status -z -uall [4ms]
2025-04-06 11:44:36.290 [info] > git for-each-ref --sort -committerdate --format %(refname) %(objectname) %(*objectname) [2ms]
2025-04-06 11:44:49.879 [info] > git config --get commit.template [5ms]
2025-04-06 11:44:49.881 [info] > git for-each-ref --format=%(refname)%00%(upstream:short)%00%(objectname)%00%(upstream:track)%00%(upstream:remotename)%00%(upstream:remoteref) refs/heads/main refs/remotes/main [2ms]
2025-04-06 11:44:49.885 [warning] [Git][revParse] Unable to read file: ENOENT: no such file or directory, open '/workspace/project/.git/refs/remotes/origin/main'
2025-04-06 11:44:49.887 [info] > git rev-parse refs/remotes/origin/main [2ms]
2025-04-06 11:44:49.896 [info] > git status -z -uall [5ms]
2025-04-06 11:44:49.898 [info] > git for-each-ref --sort -committerdate --format %(refname) %(objectname) %(*objectname) [3ms]
2025-04-06 11:44:56.736 [info] > git config --get commit.template [5ms]
2025-04-06 11:44:56.738 [info] > git for-each-ref --format=%(refname)%00%(upstream:short)%00%(objectname)%00%(upstream:track)%00%(upstream:remotename)%00%(upstream:remoteref) refs/heads/main refs/remotes/main [2ms]
2025-04-06 11:44:56.743 [warning] [Git][revParse] Unable to read file: ENOENT: no such file or directory, open '/workspace/project/.git/refs/remotes/origin/main'
2025-04-06 11:44:56.744 [info] > git rev-parse refs/remotes/origin/main [2ms]
2025-04-06 11:44:56.755 [info] > git status -z -uall [6ms]
2025-04-06 11:44:56.758 [info] > git for-each-ref --sort -committerdate --format %(refname) %(objectname) %(*objectname) [3ms]
