2025-04-06 09:07:40.374 [info] Log level: Info
2025-04-06 09:07:40.401 [info] VSCODE_MACHINE_ID: 1f843d73-1968-470b-b472-a284d5bfc664
2025-04-06 09:07:40.401 [info] VSCODE_SESSION_ID: cafeaaa3-95ca-47c8-b6a7-fd1806cbab781743930454194
2025-04-06 09:07:40.401 [info] VSCODE_VERSION: 1.98.2
2025-04-06 09:07:40.401 [info] VSCODE_APP_NAME: Gitpod Code
2025-04-06 09:07:40.401 [info] VSCODE_APP_HOST: Gitpod
2025-04-06 09:07:40.401 [info] VSCODE_UI_KIND: web
2025-04-06 09:07:40.401 [info] GITPOD_WORKSPACE_CONTEXT_URL: https://github.com/freeCodeCamp/learn-number-guessing-game
2025-04-06 09:07:40.401 [info] GITPOD_INSTANCE_ID: e0046c6f-a1da-4655-83d1-9fb0d7536f38
2025-04-06 09:07:40.401 [info] GITPOD_WORKSPACE_URL: https://freecodecam-learnnumber-vho73tlf2wn.ws-us118.gitpod.io
2025-04-06 09:07:40.409 [info] Gitpod Web 3953e81
2025-04-06 09:07:40.409 [info] Reading sessions from keychain...
2025-04-06 09:07:40.585 [info] Getting sessions for all scopes...
2025-04-06 09:07:40.585 [info] Getting sessions for all scopes...
2025-04-06 09:07:40.585 [info] Getting GitHub sessions for all scopes...
2025-04-06 09:07:40.585 [info] Getting sessions for function:accessCodeSyncStorage...
2025-04-06 09:07:40.586 [info] Got stored sessions!
2025-04-06 09:07:40.586 [info] Verified session with the following scopes: function:accessCodeSyncStorage function:closePort function:controlAdmission function:deleteEnvVar function:generateNewGitpodToken function:getDefaultWorkspaceImage function:getGitpodTokenScopes function:getIDToken function:getLoggedInUser function:getOpenPorts function:getSupportedWorkspaceClasses function:getTeams function:getToken function:getWorkspace function:getWorkspaceEnvVars function:getWorkspaceOwner function:getWorkspaceTimeout function:getWorkspaceUsers function:guessGitTokenScopes function:isWorkspaceOwner function:openPort function:sendHeartBeat function:setEnvVar function:setWorkspaceTimeout function:stopWorkspace function:takeSnapshot function:trackEvent function:updateGitStatus function:waitForSnapshot resource:contentBlob::*::create/get resource:envVar::*/**::update resource:envVar::*/*::update resource:envVar::freeCodeCamp/learn-number-guessing-game::create/get/update/delete resource:gitpodToken::*::create resource:snapshot::ws-freecodecam-learnnumber-vho73tlf2wn::create resource:token::*::get resource:userStorage::*::create/get/update resource:workspace::freecodecam-learnnumber-vho73tlf2wn::get/update resource:workspaceInstance::e0046c6f-a1da-4655-83d1-9fb0d7536f38::get/update/delete
2025-04-06 09:07:40.586 [info] Got 1 verified sessions.
2025-04-06 09:07:40.586 [info] Got 1 sessions for all scopes...
2025-04-06 09:07:40.586 [info] Got 1 sessions for all scopes...
2025-04-06 09:07:40.586 [info] Got 1 sessions for function:accessCodeSyncStorage...
2025-04-06 09:07:40.901 [info] Got 1 GitHub sessions for all scopes...
2025-04-06 09:07:40.909 [info] Getting GitHub sessions for all scopes...
2025-04-06 09:07:40.909 [info] Getting sessions for all scopes...
2025-04-06 09:07:40.909 [info] Got 1 GitHub sessions for all scopes...
2025-04-06 09:07:40.909 [info] Got 1 sessions for all scopes...
2025-04-06 09:07:41.288 [info] Getting GitHub sessions for all scopes...
2025-04-06 09:07:41.289 [info] Got 1 GitHub sessions for all scopes...
2025-04-06 09:07:42.158 [info] Getting GitHub sessions for read:user,repo,user:email,workflow...
2025-04-06 09:07:42.158 [info] Got 0 GitHub sessions for read:user,repo,user:email,workflow...
2025-04-06 09:07:42.484 [info] Getting GitHub sessions for project,read:org,read:user,repo,user:email,workflow...
2025-04-06 09:07:42.484 [info] Got 0 GitHub sessions for project,read:org,read:user,repo,user:email,workflow...
2025-04-06 09:07:42.967 [info] Getting GitHub sessions for read:user,repo,user:email,workflow...
2025-04-06 09:07:42.967 [info] Got 0 GitHub sessions for read:user,repo,user:email,workflow...
2025-04-06 09:07:43.452 [info] Getting GitHub sessions for read:user,repo,user:email...
2025-04-06 09:07:43.452 [info] Got 0 GitHub sessions for read:user,repo,user:email...
2025-04-06 09:07:43.940 [info] Getting GitHub sessions for read:user,repo,user:email,workflow...
2025-04-06 09:07:43.940 [info] Got 0 GitHub sessions for read:user,repo,user:email,workflow...
