2025-04-06 11:40:14.945 [info] Log level: Info
2025-04-06 11:40:14.945 [info] VSCODE_MACHINE_ID: someValue.machineId
2025-04-06 11:40:14.945 [info] VSCODE_SESSION_ID: someValue.sessionId
2025-04-06 11:40:14.945 [info] VSCODE_VERSION: 1.98.2
2025-04-06 11:40:14.945 [info] VSCODE_APP_NAME: Gitpod Code
2025-04-06 11:40:14.945 [info] VSCODE_APP_HOST: Gitpod
2025-04-06 11:40:14.945 [info] VSCODE_UI_KIND: web
2025-04-06 11:40:14.945 [info] GITPOD_WORKSPACE_CONTEXT_URL: https://github.com/freeCodeCamp/learn-number-guessing-game
2025-04-06 11:40:14.945 [info] GITPOD_INSTANCE_ID: 0fb04e62-b9a7-4568-b393-875a2a6e4e87
2025-04-06 11:40:14.945 [info] GITPOD_WORKSPACE_URL: https://freecodecam-learnnumber-vho73tlf2wn.ws-us118.gitpod.io
2025-04-06 11:40:14.945 [info] Gitpod Web 3953e81
2025-04-06 11:40:14.945 [info] Reading sessions from keychain...
2025-04-06 11:40:15.230 [info] Getting sessions for all scopes...
2025-04-06 11:40:15.230 [info] Getting sessions for all scopes...
2025-04-06 11:40:15.230 [info] Getting GitHub sessions for all scopes...
2025-04-06 11:40:15.230 [info] Getting sessions for function:accessCodeSyncStorage...
2025-04-06 11:40:15.231 [info] Got stored sessions!
2025-04-06 11:40:15.231 [info] Verified session with the following scopes: function:accessCodeSyncStorage function:closePort function:controlAdmission function:deleteEnvVar function:generateNewGitpodToken function:getDefaultWorkspaceImage function:getGitpodTokenScopes function:getIDToken function:getLoggedInUser function:getOpenPorts function:getSupportedWorkspaceClasses function:getTeams function:getToken function:getWorkspace function:getWorkspaceEnvVars function:getWorkspaceOwner function:getWorkspaceTimeout function:getWorkspaceUsers function:guessGitTokenScopes function:isWorkspaceOwner function:openPort function:sendHeartBeat function:setEnvVar function:setWorkspaceTimeout function:stopWorkspace function:takeSnapshot function:trackEvent function:updateGitStatus function:waitForSnapshot resource:contentBlob::*::create/get resource:envVar::*/**::update resource:envVar::*/*::update resource:envVar::freeCodeCamp/learn-number-guessing-game::create/get/update/delete resource:gitpodToken::*::create resource:snapshot::ws-freecodecam-learnnumber-vho73tlf2wn::create resource:token::*::get resource:userStorage::*::create/get/update resource:workspace::freecodecam-learnnumber-vho73tlf2wn::get/update resource:workspaceInstance::0fb04e62-b9a7-4568-b393-875a2a6e4e87::get/update/delete
2025-04-06 11:40:15.231 [info] Got 1 verified sessions.
2025-04-06 11:40:15.231 [info] Got 1 sessions for all scopes...
2025-04-06 11:40:15.231 [info] Got 1 sessions for all scopes...
2025-04-06 11:40:15.231 [info] Got 1 sessions for function:accessCodeSyncStorage...
2025-04-06 11:40:15.530 [info] Getting GitHub sessions for all scopes...
2025-04-06 11:40:15.530 [info] Getting sessions for all scopes...
2025-04-06 11:40:15.530 [info] Got 1 sessions for all scopes...
2025-04-06 11:40:15.557 [info] Got 1 GitHub sessions for all scopes...
2025-04-06 11:40:15.557 [info] Got 1 GitHub sessions for all scopes...
2025-04-06 11:40:15.821 [info] Getting GitHub sessions for all scopes...
2025-04-06 11:40:15.821 [info] Got 1 GitHub sessions for all scopes...
2025-04-06 11:40:16.110 [info] Getting GitHub sessions for read:user,repo,user:email,workflow...
2025-04-06 11:40:16.110 [info] Got 0 GitHub sessions for read:user,repo,user:email,workflow...
2025-04-06 11:40:16.647 [info] Getting GitHub sessions for project,read:org,read:user,repo,user:email,workflow...
2025-04-06 11:40:16.647 [info] Got 0 GitHub sessions for project,read:org,read:user,repo,user:email,workflow...
2025-04-06 11:40:17.179 [info] Getting GitHub sessions for read:user,repo,user:email,workflow...
2025-04-06 11:40:17.179 [info] Got 0 GitHub sessions for read:user,repo,user:email,workflow...
2025-04-06 11:40:17.676 [info] Getting GitHub sessions for read:user,repo,user:email...
2025-04-06 11:40:17.676 [info] Got 0 GitHub sessions for read:user,repo,user:email...
2025-04-06 11:40:18.166 [info] Getting GitHub sessions for read:user,repo,user:email,workflow...
2025-04-06 11:40:18.166 [info] Got 0 GitHub sessions for read:user,repo,user:email,workflow...
