2025-04-06 09:07:42.159 [warning] /home/gitpod/.ssh/config: ENOENT: no such file or directory, open '/home/gitpod/.ssh/config'
2025-04-06 09:07:42.159 [info] [Activation] Extension version: 0.108.0
2025-04-06 09:07:44.113 [info] [Activation] Looking for git repository
2025-04-06 09:07:44.113 [info] [Activation] Found 0 repositories during activation
2025-04-06 09:07:44.113 [info] [Activation] Git repository found, initializing review manager and pr tree view.
2025-04-06 09:07:44.118 [info] [GitAPI] Registering git provider
2025-04-06 09:07:44.118 [info] [Review+0] Validate state in progress
2025-04-06 09:07:44.119 [info] [Review+0] Validating state...
2025-04-06 09:07:44.292 [info] [FolderRepositoryManager+0] Found GitHub remote for folder /workspace/project
2025-04-06 09:07:44.295 [info] [FolderRepositoryManager+0] Trying to use globalState for assignableUsers.
2025-04-06 09:07:44.307 [info] [Review+0] No matching pull request metadata found locally for current branch main
2025-04-06 09:07:44.308 [info] [Review+0] No matching pull request metadata found on GitHub for current branch main
2025-04-06 09:07:44.472 [info] [FolderRepositoryManager+0] GlobalState does not exist for assignableUsers.
2025-04-06 09:07:51.407 [info] [Review+0] Validate state in progress
2025-04-06 09:07:51.408 [info] [Review+0] Validating state...
2025-04-06 09:07:51.408 [info] [Activation] Repo state for file:///workspace/project changed.
2025-04-06 09:07:51.408 [info] [Activation] Repo file:///workspace/project has already been setup.
2025-04-06 09:07:51.580 [info] [FolderRepositoryManager+0] Found GitHub remote for folder /workspace/project
2025-04-06 09:07:51.581 [info] [FolderRepositoryManager+0] Using in-memory cached assignable users.
2025-04-06 09:07:51.590 [info] [Review+0] No matching pull request metadata found locally for current branch main
2025-04-06 09:07:51.590 [info] [Review+0] No matching pull request metadata found on GitHub for current branch main
2025-04-06 09:07:58.944 [info] [Review+0] Validate state in progress
2025-04-06 09:07:58.944 [info] [Review+0] Validating state...
2025-04-06 09:07:59.117 [info] [FolderRepositoryManager+0] Found GitHub remote for folder /workspace/project
2025-04-06 09:07:59.117 [info] [FolderRepositoryManager+0] Using in-memory cached assignable users.
2025-04-06 09:07:59.128 [info] [Review+0] No matching pull request metadata found locally for current branch main
2025-04-06 09:07:59.128 [info] [Review+0] No matching pull request metadata found on GitHub for current branch main
2025-04-06 11:30:43.829 [info] [Review+0] Validate state in progress
2025-04-06 11:30:43.830 [info] [Review+0] Validating state...
2025-04-06 11:30:43.998 [info] [FolderRepositoryManager+0] Found GitHub remote for folder /workspace/project
2025-04-06 11:30:43.998 [info] [FolderRepositoryManager+0] Using in-memory cached assignable users.
2025-04-06 11:30:44.006 [info] [Review+0] No matching pull request metadata found locally for current branch main
2025-04-06 11:30:44.006 [info] [Review+0] No matching pull request metadata found on GitHub for current branch main
