2025-04-06 11:32:59.791 [warning] /home/gitpod/.ssh/config: ENOENT: no such file or directory, open '/home/gitpod/.ssh/config'
2025-04-06 11:32:59.791 [info] [Activation] Extension version: 0.108.0
2025-04-06 11:33:01.794 [info] [Activation] Looking for git repository
2025-04-06 11:33:01.794 [info] [Activation] Found 0 repositories during activation
2025-04-06 11:33:01.794 [info] [Activation] Git repository found, initializing review manager and pr tree view.
2025-04-06 11:33:01.798 [info] [GitAPI] Registering git provider
2025-04-06 11:33:01.798 [info] [Review+0] Validate state in progress
2025-04-06 11:33:01.798 [info] [Review+0] Validating state...
2025-04-06 11:33:01.798 [info] [Review+1] Validate state in progress
2025-04-06 11:33:01.798 [info] [Review+1] Validating state...
2025-04-06 11:33:01.799 [warning] No remotes found. The following remotes are missing: origin, upstream
2025-04-06 11:33:01.799 [info] [FolderRepositoryManager+0] No GitHub remotes found for folder /workspace/project/number_guessing_game
2025-04-06 11:33:01.799 [info] [FolderRepositoryManager+0] Trying to use globalState for assignableUsers.
2025-04-06 11:33:01.813 [info] [Review+0] No matching pull request metadata found locally for current branch main
2025-04-06 11:33:01.823 [info] [Review+0] No matching pull request metadata found on GitHub for current branch main
2025-04-06 11:33:01.972 [info] [FolderRepositoryManager+1] Found GitHub remote for folder /workspace/project
2025-04-06 11:33:01.973 [info] [FolderRepositoryManager+1] Trying to use globalState for assignableUsers.
2025-04-06 11:33:01.981 [info] [FolderRepositoryManager+0] GlobalState does not exist for assignableUsers.
2025-04-06 11:33:01.983 [info] [Review+1] No matching pull request metadata found locally for current branch main
2025-04-06 11:33:01.983 [info] [Review+1] No matching pull request metadata found on GitHub for current branch main
2025-04-06 11:33:02.142 [info] [FolderRepositoryManager+1] GlobalState does not exist for assignableUsers.
2025-04-06 11:33:20.604 [info] [Activation] Repo state for file:///workspace/project/number_guessing_game changed.
2025-04-06 11:33:20.604 [info] [Activation] Repo file:///workspace/project/number_guessing_game has already been setup.
